#
# There is insufficient memory for the Java Runtime Environment to continue.
# Native memory allocation (malloc) failed to allocate 41432 bytes for Chunk::new
# Possible reasons:
#   The system is out of physical RAM or swap space
#   In 32 bit mode, the process size limit was hit
# Possible solutions:
#   Reduce memory load on the system
#   Increase physical memory or swap space
#   Check if swap backing store is full
#   Use 64 bit Java on a 64 bit OS
#   Decrease Java heap size (-Xmx/-Xms)
#   Decrease number of Java threads
#   Decrease Java thread stack sizes (-Xss)
#   Set larger code cache with -XX:ReservedCodeCacheSize=
# This output file may be truncated or incomplete.
#
#  Out of Memory Error (allocation.cpp:328), pid=1340, tid=1144
#
# JRE version: 7.0_11-b21
# Java VM: Java HotSpot(TM) Client VM (23.6-b04 mixed mode windows-x86 )
# Failed to write core dump. Minidumps are not enabled by default on client versions of Windows
#

---------------  T H R E A D  ---------------

Current thread (0x03974800):  JavaThread "AWT-EventQueue-0" [_thread_in_native, id=1144, stack(0x03c40000,0x03c90000)]

Stack: [0x03c40000,0x03c90000],  sp=0x03c8e094,  free space=312k
Native frames: (J=compiled Java code, j=interpreted, Vv=VM code, C=native code)
V  [jvm.dll+0x16f311]
V  [jvm.dll+0x169625]
V  [jvm.dll+0x5ea6c]
V  [jvm.dll+0x5ec33]
V  [jvm.dll+0x7104a]
V  [jvm.dll+0x1b6c0]
V  [jvm.dll+0x1c844]
V  [jvm.dll+0x1bc65]
V  [jvm.dll+0x2c94f]
V  [jvm.dll+0x2dd38]
V  [jvm.dll+0x2e3fb]
V  [jvm.dll+0x2e44a]
V  [jvm.dll+0x7b60c]
V  [jvm.dll+0x51696]
V  [jvm.dll+0x516c3]
j  javax.swing.UIManager.setLookAndFeel(Ljava/lang/String;)V+9
j  javax.swing.UIManager.initializeDefaultLAF(Ljava/util/Properties;)V+55
j  javax.swing.UIManager.initialize()V+9
j  javax.swing.UIManager.maybeInitialize()V+22
j  javax.swing.UIManager.getUI(Ljavax/swing/JComponent;)Ljavax/swing/plaf/ComponentUI;+0
j  javax.swing.JPanel.updateUI()V+2
j  javax.swing.JPanel.<init>(Ljava/awt/LayoutManager;Z)V+24
j  javax.swing.JPanel.<init>(Z)V+9
j  javax.swing.JPanel.<init>()V+2
j  javax.swing.JRootPane.createGlassPane()Ljava/awt/Component;+4
j  javax.swing.JRootPane.<init>()V+11
j  javax.swing.JFrame.createRootPane()Ljavax/swing/JRootPane;+4
j  javax.swing.JFrame.frameInit()V+16
j  javax.swing.JFrame.<init>(Ljava/lang/String;)V+21
j  edu.mccc.cos210.qrks.Viewer.<init>()V+3
j  edu.mccc.cos210.qrks.QRKeySecure$1.run()V+3
j  java.awt.event.InvocationEvent.dispatch()V+47
j  java.awt.EventQueue.dispatchEventImpl(Ljava/awt/AWTEvent;Ljava/lang/Object;)V+21
j  java.awt.EventQueue.access$200(Ljava/awt/EventQueue;Ljava/awt/AWTEvent;Ljava/lang/Object;)V+3
j  java.awt.EventQueue$3.run()Ljava/lang/Void;+12
j  java.awt.EventQueue$3.run()Ljava/lang/Object;+1
v  ~StubRoutines::call_stub
V  [jvm.dll+0x12a3ba]
V  [jvm.dll+0x1d97de]
V  [jvm.dll+0x12a43d]
V  [jvm.dll+0xd9e0a]
C  [java.dll+0x102f]
j  java.security.ProtectionDomain$1.doIntersectionPrivilege(Ljava/security/PrivilegedAction;Ljava/security/AccessControlContext;Ljava/security/AccessControlContext;)Ljava/lang/Object;+28
j  java.awt.EventQueue.dispatchEvent(Ljava/awt/AWTEvent;)V+46
j  java.awt.EventDispatchThread.pumpOneEventForFilters(I)V+245
j  java.awt.EventDispatchThread.pumpEventsForFilter(ILjava/awt/Conditional;Ljava/awt/EventFilter;)V+35
j  java.awt.EventDispatchThread.pumpEventsForHierarchy(ILjava/awt/Conditional;Ljava/awt/Component;)V+11
j  java.awt.EventDispatchThread.pumpEvents(ILjava/awt/Conditional;)V+4
j  java.awt.EventDispatchThread.pumpEvents(Ljava/awt/Conditional;)V+3
j  java.awt.EventDispatchThread.run()V+9
v  ~StubRoutines::call_stub
V  [jvm.dll+0x12a3ba]
V  [jvm.dll+0x1d97de]
V  [jvm.dll+0x12a5a3]
V  [jvm.dll+0x12a607]
V  [jvm.dll+0xd315f]
V  [jvm.dll+0x14a6b7]
V  [jvm.dll+0x14a820]
V  [jvm.dll+0x17f009]
C  [msvcr100.dll+0x5c6de]
C  [msvcr100.dll+0x5c788]
C  [kernel32.dll+0x4ed6c]
C  [ntdll.dll+0x6377b]
C  [ntdll.dll+0x6374e]

Java frames: (J=compiled Java code, j=interpreted, Vv=VM code)
j  javax.swing.UIManager.setLookAndFeel(Ljava/lang/String;)V+9
j  javax.swing.UIManager.initializeDefaultLAF(Ljava/util/Properties;)V+55
j  javax.swing.UIManager.initialize()V+9
j  javax.swing.UIManager.maybeInitialize()V+22
j  javax.swing.UIManager.getUI(Ljavax/swing/JComponent;)Ljavax/swing/plaf/ComponentUI;+0
j  javax.swing.JPanel.updateUI()V+2
j  javax.swing.JPanel.<init>(Ljava/awt/LayoutManager;Z)V+24
j  javax.swing.JPanel.<init>(Z)V+9
j  javax.swing.JPanel.<init>()V+2
j  javax.swing.JRootPane.createGlassPane()Ljava/awt/Component;+4
j  javax.swing.JRootPane.<init>()V+11
j  javax.swing.JFrame.createRootPane()Ljavax/swing/JRootPane;+4
j  javax.swing.JFrame.frameInit()V+16
j  javax.swing.JFrame.<init>(Ljava/lang/String;)V+21
j  edu.mccc.cos210.qrks.Viewer.<init>()V+3
j  edu.mccc.cos210.qrks.QRKeySecure$1.run()V+3
j  java.awt.event.InvocationEvent.dispatch()V+47
j  java.awt.EventQueue.dispatchEventImpl(Ljava/awt/AWTEvent;Ljava/lang/Object;)V+21
j  java.awt.EventQueue.access$200(Ljava/awt/EventQueue;Ljava/awt/AWTEvent;Ljava/lang/Object;)V+3
j  java.awt.EventQueue$3.run()Ljava/lang/Void;+12
j  java.awt.EventQueue$3.run()Ljava/lang/Object;+1
v  ~StubRoutines::call_stub
j  java.security.AccessController.doPrivileged(Ljava/security/PrivilegedAction;Ljava/security/AccessControlContext;)Ljava/lang/Object;+0
j  java.security.ProtectionDomain$1.doIntersectionPrivilege(Ljava/security/PrivilegedAction;Ljava/security/AccessControlContext;Ljava/security/AccessControlContext;)Ljava/lang/Object;+28
j  java.awt.EventQueue.dispatchEvent(Ljava/awt/AWTEvent;)V+46
j  java.awt.EventDispatchThread.pumpOneEventForFilters(I)V+245
j  java.awt.EventDispatchThread.pumpEventsForFilter(ILjava/awt/Conditional;Ljava/awt/EventFilter;)V+35
j  java.awt.EventDispatchThread.pumpEventsForHierarchy(ILjava/awt/Conditional;Ljava/awt/Component;)V+11
j  java.awt.EventDispatchThread.pumpEvents(ILjava/awt/Conditional;)V+4
j  java.awt.EventDispatchThread.pumpEvents(Ljava/awt/Conditional;)V+3
j  java.awt.EventDispatchThread.run()V+9
v  ~StubRoutines::call_stub

---------------  P R O C E S S  ---------------

Java Threads: ( => current thread )
  0x004c3000 JavaThread "DestroyJavaVM" [_thread_blocked, id=2460, stack(0x006e0000,0x00730000)]
=>0x03974800 JavaThread "AWT-EventQueue-0" [_thread_in_native, id=1144, stack(0x03c40000,0x03c90000)]
  0x03974000 JavaThread "AWT-Windows" daemon [_thread_in_native, id=4832, stack(0x03cc0000,0x03d10000)]
  0x03973400 JavaThread "AWT-Shutdown" [_thread_blocked, id=2664, stack(0x00b90000,0x00be0000)]
  0x03966000 JavaThread "Java2D Disposer" daemon [_thread_blocked, id=5312, stack(0x03b50000,0x03ba0000)]
  0x038a2800 JavaThread "Service Thread" daemon [_thread_blocked, id=3368, stack(0x03a50000,0x03aa0000)]
  0x03895400 JavaThread "C1 CompilerThread0" daemon [_thread_blocked, id=3996, stack(0x03ac0000,0x03b10000)]
  0x03894400 JavaThread "Attach Listener" daemon [_thread_blocked, id=4976, stack(0x00b20000,0x00b70000)]
  0x03891000 JavaThread "Signal Dispatcher" daemon [_thread_blocked, id=3100, stack(0x00970000,0x009c0000)]
  0x005b9800 JavaThread "Finalizer" daemon [_thread_blocked, id=5752, stack(0x00840000,0x00890000)]
  0x005b4800 JavaThread "Reference Handler" daemon [_thread_blocked, id=3724, stack(0x00a10000,0x00a60000)]

Other Threads:
  0x005ae000 VMThread [stack: 0x00890000,0x008e0000] [id=5188]
  0x038bf000 WatcherThread [stack: 0x03ba0000,0x03bf0000] [id=4600]

VM state:not at safepoint (normal execution)

VM Mutex/Monitor currently owned by a thread: None

Heap
 def new generation   total 4928K, used 1184K [0x23930000, 0x23e80000, 0x28e80000)
  eden space 4416K,  26% used [0x23930000, 0x23a583d8, 0x23d80000)
  from space 512K,   0% used [0x23d80000, 0x23d80000, 0x23e00000)
  to   space 512K,   0% used [0x23e00000, 0x23e00000, 0x23e80000)
 tenured generation   total 10944K, used 0K [0x28e80000, 0x29930000, 0x33930000)
   the space 10944K,   0% used [0x28e80000, 0x28e80000, 0x28e80200, 0x29930000)
 compacting perm gen  total 12288K, used 3506K [0x33930000, 0x34530000, 0x37930000)
   the space 12288K,  28% used [0x33930000, 0x33c9c920, 0x33c9ca00, 0x34530000)
No shared spaces configured.

Card table byte_map: [0x00730000,0x007e0000] byte_map_base: 0x00613680

Polling page: 0x00150000

Code Cache  [0x01840000, 0x018e0000, 0x03840000)
 total_blobs=194 nmethods=26 adapters=104 free_code_cache=32133Kb largest_free_block=32905024

Compilation events (10 events):
Event: 1.097 Thread 0x03895400   22             java.io.Win32FileSystem::normalize (231 bytes)
Event: 1.101 Thread 0x03895400 nmethod 22 0x018d9dc8 code [0x018da020, 0x018db6f4]
Event: 1.320 Thread 0x03895400   23             java.lang.String::compareTo (78 bytes)
Event: 1.321 Thread 0x03895400 nmethod 23 0x018ddb08 code [0x018ddc10, 0x018ddd30]
Event: 1.326 Thread 0x03895400   24             java.util.IdentityHashMap$IdentityHashMapIterator::hasNext (50 bytes)
Event: 1.327 Thread 0x03895400 nmethod 24 0x018ddf88 code [0x018de080, 0x018de160]
Event: 1.327 Thread 0x03895400   25             java.util.HashMap$HashIterator::nextEntry (99 bytes)
Event: 1.328 Thread 0x03895400 nmethod 25 0x018de208 code [0x018de330, 0x018de524]
Event: 1.328 Thread 0x03895400   26             java.util.HashMap::indexFor (6 bytes)
Event: 1.329 Thread 0x03895400 nmethod 26 0x018de708 code [0x018de800, 0x018de870]

GC Heap History (0 events):
No events

Deoptimization events (0 events):
No events

Internal exceptions (10 events):
Event: 0.580 Thread 0x004c3000 Threw 0x239c1c10 at C:\jdk7u1_32P\jdk7u11\hotspot\src\share\vm\prims\jvm.cpp:1166
Event: 0.593 Thread 0x004c3000 Threw 0x239c6be8 at C:\jdk7u1_32P\jdk7u11\hotspot\src\share\vm\prims\jvm.cpp:1166
Event: 0.689 Thread 0x004c3000 Threw 0x239cbde8 at C:\jdk7u1_32P\jdk7u11\hotspot\src\share\vm\prims\jni.cpp:716
Event: 0.963 Thread 0x03974800 Threw 0x23a176a0 at C:\jdk7u1_32P\jdk7u11\hotspot\src\share\vm\prims\jvm.cpp:1166
Event: 0.990 Thread 0x03974800 Threw 0x23a1b120 at C:\jdk7u1_32P\jdk7u11\hotspot\src\share\vm\prims\jvm.cpp:1166
Event: 0.992 Thread 0x03974800 Threw 0x23a1cb50 at C:\jdk7u1_32P\jdk7u11\hotspot\src\share\vm\prims\jvm.cpp:1166
Event: 1.026 Thread 0x03974800 Threw 0x23a23978 at C:\jdk7u1_32P\jdk7u11\hotspot\src\share\vm\prims\jvm.cpp:1166
Event: 1.051 Thread 0x03974800 Threw 0x23a25588 at C:\jdk7u1_32P\jdk7u11\hotspot\src\share\vm\prims\jvm.cpp:1166
Event: 1.055 Thread 0x03974800 Threw 0x23a277f0 at C:\jdk7u1_32P\jdk7u11\hotspot\src\share\vm\prims\jvm.cpp:1166
Event: 1.101 Thread 0x03974800 Threw 0x23a35c48 at C:\jdk7u1_32P\jdk7u11\hotspot\src\share\vm\prims\jni.cpp:716

Events (10 events):
Event: 1.345 loading class 0x039db580 done
Event: 1.345 loading class 0x039b5f28
Event: 1.345 loading class 0x039b5f28 done
Event: 1.345 loading class 0x039a5138
Event: 1.345 loading class 0x039a5138 done
Event: 1.346 loading class 0x039e7e60
Event: 1.346 loading class 0x039e7e60 done
Event: 1.346 loading class 0x039b2e68
Event: 1.346 loading class 0x039b2e68 done
Event: 1.347 loading class 0x039b7a18


Dynamic libraries:
0x00c10000 - 0x00c3f000 	C:\Program Files\Java\jdk1.7.0_11\bin\javaw.exe
0x773e0000 - 0x7751c000 	C:\Windows\SYSTEM32\ntdll.dll
0x761f0000 - 0x762c4000 	C:\Windows\system32\kernel32.dll
0x756a0000 - 0x756eb000 	C:\Windows\system32\KERNELBASE.dll
0x77220000 - 0x772c0000 	C:\Windows\system32\ADVAPI32.dll
0x76f70000 - 0x7701c000 	C:\Windows\system32\msvcrt.dll
0x77540000 - 0x77559000 	C:\Windows\SYSTEM32\sechost.dll
0x760c0000 - 0x76161000 	C:\Windows\system32\RPCRT4.dll
0x75f20000 - 0x75fe9000 	C:\Windows\system32\USER32.dll
0x759f0000 - 0x75a3e000 	C:\Windows\system32\GDI32.dll
0x759e0000 - 0x759ea000 	C:\Windows\system32\LPK.dll
0x75d20000 - 0x75dbd000 	C:\Windows\system32\USP10.dll
0x74390000 - 0x7452e000 	C:\Windows\WinSxS\x86_microsoft.windows.common-controls_6595b64144ccf1df_6.0.7601.17514_none_41e6975e2bd6f2b2\COMCTL32.dll
0x775b0000 - 0x77607000 	C:\Windows\system32\SHLWAPI.dll
0x759c0000 - 0x759df000 	C:\Windows\system32\IMM32.DLL
0x75ff0000 - 0x760bc000 	C:\Windows\system32\MSCTF.dll
0x600c0000 - 0x6017e000 	C:\Program Files\Java\jdk1.7.0_11\jre\bin\msvcr100.dll
0x52010000 - 0x5235c000 	C:\Program Files\Java\jdk1.7.0_11\jre\bin\client\jvm.dll
0x706d0000 - 0x706d7000 	C:\Windows\system32\WSOCK32.dll
0x77570000 - 0x775a5000 	C:\Windows\system32\WS2_32.dll
0x77520000 - 0x77526000 	C:\Windows\system32\NSI.dll
0x70640000 - 0x70672000 	C:\Windows\system32\WINMM.dll
0x77530000 - 0x77535000 	C:\Windows\system32\PSAPI.DLL
0x74020000 - 0x7402c000 	C:\Program Files\Java\jdk1.7.0_11\jre\bin\verify.dll
0x6c140000 - 0x6c160000 	C:\Program Files\Java\jdk1.7.0_11\jre\bin\java.dll
0x73080000 - 0x73093000 	C:\Program Files\Java\jdk1.7.0_11\jre\bin\zip.dll
0x523a0000 - 0x524e2000 	C:\Program Files\Java\jdk1.7.0_11\jre\bin\awt.dll
0x75a40000 - 0x75acf000 	C:\Windows\system32\OLEAUT32.dll
0x75dc0000 - 0x75f1c000 	C:\Windows\system32\ole32.dll
0x74210000 - 0x74250000 	C:\Windows\system32\uxtheme.dll
0x73ee0000 - 0x73ef3000 	C:\Windows\system32\dwmapi.dll
0x75380000 - 0x7538c000 	C:\Windows\system32\CRYPTBASE.dll
0x76320000 - 0x76f6a000 	C:\Windows\system32\SHELL32.dll

VM Arguments:
jvm_args: -Dfile.encoding=Cp1252 
java_command: edu.mccc.cos210.qrks.QRKeySecure
Launcher Type: SUN_STANDARD

Environment Variables:
CLASSPATH=.;.;C:\PROGRA~1\JMF21~1.1E\lib\sound.jar;C:\PROGRA~1\JMF21~1.1E\lib\jmf.jar;C:\PROGRA~1\JMF21~1.1E\lib;
PATH=C:/Program Files/Java/jdk1.7.0_11/bin/../jre/bin/client;C:/Program Files/Java/jdk1.7.0_11/bin/../jre/bin;C:/Program Files/Java/jdk1.7.0_11/bin/../jre/lib/i386;.;C:\Program Files\Java\jdk1.7.0_11\bin;C:\Windows\system32;C:\Windows;C:\Windows\System32\Wbem;C:\Windows\System32\WindowsPowerShell\v1.0\;C:\Program Files\QT Lite\QTSystem;C:\Program Files\Ghdl\Bin;C:\Program Files\Microchip\MPLAB IDE\VDI;C:\Users\Cayte\Downloads\eclipse;
USERNAME=Cayte
OS=Windows_NT
PROCESSOR_IDENTIFIER=x86 Family 6 Model 13 Stepping 8, GenuineIntel



---------------  S Y S T E M  ---------------

OS: Windows 7 Build 7601 Service Pack 1

CPU:total 1 (1 cores per cpu, 1 threads per core) family 6 model 13 stepping 8, cmov, cx8, fxsr, mmx, sse, sse2, tsc

Memory: 4k page, physical 2096608k(262412k free), swap 2562052k(5132k free)

vm_info: Java HotSpot(TM) Client VM (23.6-b04) for windows-x86 JRE (1.7.0_11-b21), built on Jan 12 2013 02:19:22 by "java_re" with unknown MS VC++:1600

time: Sun May 05 21:42:26 2013
elapsed time: 1 seconds

